#
# There is insufficient memory for the Java Runtime Environment to continue.
# Native memory allocation (mmap) failed to map 12288 bytes for committing reserved memory.
# Possible reasons:
#   The system is out of physical RAM or swap space
#   In 32 bit mode, the process size limit was hit
# Possible solutions:
#   Reduce memory load on the system
#   Increase physical memory or swap space
#   Check if swap backing store is full
#   Use 64 bit Java on a 64 bit OS
#   Decrease Java heap size (-Xmx/-Xms)
#   Decrease number of Java threads
#   Decrease Java thread stack sizes (-Xss)
#   Set larger code cache with -XX:ReservedCodeCacheSize=
# This output file may be truncated or incomplete.
#
#  Out of Memory Error (os_linux.cpp:2640), pid=9085, tid=0x00007f9733fff700
#
# JRE version: Java(TM) SE Runtime Environment (8.0_144-b01) (build 1.8.0_144-b01)
# Java VM: Java HotSpot(TM) 64-Bit Server VM (25.144-b01 mixed mode linux-amd64 compressed oops)
# Failed to write core dump. Core dumps have been disabled. To enable core dumping, try "ulimit -c unlimited" before starting Java again
#

---------------  T H R E A D  ---------------

Current thread (0x00007f974c001000):  JavaThread "SIGTERM handler" daemon [_thread_new, id=9305, stack(0x00007f9733eff000,0x00007f9734000000)]

Stack: [0x00007f9733eff000,0x00007f9734000000],  sp=0x00007f9733ffe8a0,  free space=1022k
Native frames: (J=compiled Java code, j=interpreted, Vv=VM code, C=native code)
V  [libjvm.so+0xacb18a]  VMError::report_and_die()+0x2ba
V  [libjvm.so+0x4ff4db]  report_vm_out_of_memory(char const*, int, unsigned long, VMErrorType, char const*)+0x8b
V  [libjvm.so+0x927d23]  os::Linux::commit_memory_impl(char*, unsigned long, bool)+0x103
V  [libjvm.so+0x927dec]  os::pd_commit_memory(char*, unsigned long, bool)+0xc
V  [libjvm.so+0x9217ba]  os::commit_memory(char*, unsigned long, bool)+0x2a
V  [libjvm.so+0x9261df]  os::pd_create_stack_guard_pages(char*, unsigned long)+0x7f
V  [libjvm.so+0xa6ffce]  JavaThread::create_stack_guard_pages()+0x5e
V  [libjvm.so+0xa797b4]  JavaThread::run()+0x34
V  [libjvm.so+0x92a338]  java_start(Thread*)+0x108
C  [libpthread.so.0+0x8184]  start_thread+0xc4


---------------  P R O C E S S  ---------------

Java Threads: ( => current thread )
=>0x00007f974c001000 JavaThread "SIGTERM handler" daemon [_thread_new, id=9305, stack(0x00007f9733eff000,0x00007f9734000000)]
  0x00007f977800b800 JavaThread "DestroyJavaVM" [_thread_blocked, id=9086, stack(0x00007f9781e0a000,0x00007f9781f0b000)]
  0x00007f9778270000 JavaThread "RMI Scheduler(0)" daemon [_thread_blocked, id=9115, stack(0x00007f97680fb000,0x00007f97681fc000)]
  0x00007f9778262000 JavaThread "GC Daemon" daemon [_thread_blocked, id=9112, stack(0x00007f97681fc000,0x00007f97682fd000)]
  0x00007f977825d000 JavaThread "RMI Reaper" [_thread_blocked, id=9111, stack(0x00007f97682fd000,0x00007f97683fe000)]
  0x00007f9778226000 JavaThread "RMI TCP Accept-0" daemon [_thread_in_native, id=9110, stack(0x00007f97683fe000,0x00007f97684ff000)]
  0x00007f97781ec800 JavaThread "Service Thread" daemon [_thread_blocked, id=9108, stack(0x00007f9768605000,0x00007f9768706000)]
  0x00007f97781e7000 JavaThread "C1 CompilerThread1" daemon [_thread_blocked, id=9107, stack(0x00007f976891d000,0x00007f9768a1e000)]
  0x00007f97781e5000 JavaThread "C2 CompilerThread0" daemon [_thread_blocked, id=9106, stack(0x00007f9768a1e000,0x00007f9768b1f000)]
  0x00007f97781e3000 JavaThread "Monitor Ctrl-Break" daemon [_thread_in_native, id=9105, stack(0x00007f9768b1f000,0x00007f9768c20000)]
  0x00007f977813b800 JavaThread "Signal Dispatcher" daemon [_thread_in_vm, id=9103, stack(0x00007f9768c75000,0x00007f9768d76000)]
  0x00007f9778108800 JavaThread "Finalizer" daemon [_thread_blocked, id=9098, stack(0x00007f9768eff000,0x00007f9769000000)]
  0x00007f9778104000 JavaThread "Reference Handler" daemon [_thread_blocked, id=9095, stack(0x00007f977c010000,0x00007f977c111000)]

Other Threads:
  0x00007f97780fc000 VMThread [stack: 0x00007f977c111000,0x00007f977c212000] [id=9093]
  0x00007f97781ee800 WatcherThread [stack: 0x00007f9768504000,0x00007f9768605000] [id=9109]

VM state:synchronizing (normal execution)

VM Mutex/Monitor currently owned by a thread:  ([mutex/lock_event])
[0x00007f9778007850] Safepoint_lock - owner thread: 0x00007f97780fc000
[0x00007f97780078d0] Threads_lock - owner thread: 0x00007f97780fc000

Heap:
 PSYoungGen      total 9728K, used 1965K [0x00000000f5a00000, 0x00000000f6480000, 0x0000000100000000)
  eden space 8704K, 22% used [0x00000000f5a00000,0x00000000f5beb498,0x00000000f6280000)
  from space 1024K, 0% used [0x00000000f6280000,0x00000000f6280000,0x00000000f6380000)
  to   space 1024K, 0% used [0x00000000f6380000,0x00000000f6380000,0x00000000f6480000)
 ParOldGen       total 22016K, used 810K [0x00000000e0e00000, 0x00000000e2380000, 0x00000000f5a00000)
  object space 22016K, 3% used [0x00000000e0e00000,0x00000000e0ecabb0,0x00000000e2380000)
 Metaspace       used 6322K, capacity 6552K, committed 6784K, reserved 1056768K
  class space    used 740K, capacity 819K, committed 896K, reserved 1048576K

Card table byte_map: [0x00007f977e8a0000,0x00007f977e99a000] byte_map_base: 0x00007f977e199000

Marking Bits: (ParMarkBitMap*) 0x00007f97812ccdc0
 Begin Bits: [0x00007f977d70e000, 0x00007f977ded6000)
 End Bits:   [0x00007f977ded6000, 0x00007f977e69e000)

Polling page: 0x00007f9781f1a000

CodeCache: size=245760Kb used=1733Kb max_used=1733Kb free=244026Kb
 bounds [0x00007f9769000000, 0x00007f9769270000, 0x00007f9778000000]
 total_blobs=634 nmethods=338 adapters=210
 compilation: enabled

Compilation events (10 events):
Event: 4.763 Thread 0x00007f97781e7000  334       3       java.io.ObjectOutputStream$HandleTable::hash (8 bytes)
Event: 4.764 Thread 0x00007f97781e7000 nmethod 334 0x00007f97691b0190 code [0x00007f97691b0300, 0x00007f97691b0488]
Event: 4.764 Thread 0x00007f97781e7000  335       3       java.io.ObjectOutputStream$BlockDataOutputStream::setBlockDataMode (35 bytes)
Event: 4.764 Thread 0x00007f97781e7000 nmethod 335 0x00007f97691b0510 code [0x00007f97691b0680, 0x00007f97691b08e8]
Event: 4.764 Thread 0x00007f97781e7000  336       3       java.io.ObjectOutputStream$BlockDataOutputStream::writeByte (33 bytes)
Event: 4.764 Thread 0x00007f97781e7000 nmethod 336 0x00007f97691b0990 code [0x00007f97691b0b00, 0x00007f97691b0d28]
Event: 4.764 Thread 0x00007f97781e7000  337       3       java.io.ObjectOutputStream$HandleTable::lookup (56 bytes)
Event: 4.764 Thread 0x00007f97781e7000 nmethod 337 0x00007f97691b0e50 code [0x00007f97691b0fe0, 0x00007f97691b13a8]
Event: 4.765 Thread 0x00007f97781e7000  338       1       java.io.ObjectStreamField::isUnshared (5 bytes)
Event: 4.765 Thread 0x00007f97781e7000 nmethod 338 0x00007f97691b1610 code [0x00007f97691b1760, 0x00007f97691b1870]

GC Heap History (4 events):
Event: 0.625 GC heap before
{Heap before GC invocations=1 (full 0):
 PSYoungGen      total 9728K, used 5253K [0x00000000f5a00000, 0x00000000f6480000, 0x0000000100000000)
  eden space 8704K, 60% used [0x00000000f5a00000,0x00000000f5f217c8,0x00000000f6280000)
  from space 1024K, 0% used [0x00000000f6380000,0x00000000f6380000,0x00000000f6480000)
  to   space 1024K, 0% used [0x00000000f6280000,0x00000000f6280000,0x00000000f6380000)
 ParOldGen       total 22016K, used 0K [0x00000000e0e00000, 0x00000000e2380000, 0x00000000f5a00000)
  object space 22016K, 0% used [0x00000000e0e00000,0x00000000e0e00000,0x00000000e2380000)
 Metaspace       used 5456K, capacity 5664K, committed 5888K, reserved 1056768K
  class space    used 629K, capacity 695K, committed 768K, reserved 1048576K
Event: 0.629 GC heap after
Heap after GC invocations=1 (full 0):
 PSYoungGen      total 9728K, used 864K [0x00000000f5a00000, 0x00000000f6480000, 0x0000000100000000)
  eden space 8704K, 0% used [0x00000000f5a00000,0x00000000f5a00000,0x00000000f6280000)
  from space 1024K, 84% used [0x00000000f6280000,0x00000000f6358020,0x00000000f6380000)
  to   space 1024K, 0% used [0x00000000f6380000,0x00000000f6380000,0x00000000f6480000)
 ParOldGen       total 22016K, used 8K [0x00000000e0e00000, 0x00000000e2380000, 0x00000000f5a00000)
  object space 22016K, 0% used [0x00000000e0e00000,0x00000000e0e02000,0x00000000e2380000)
 Metaspace       used 5456K, capacity 5664K, committed 5888K, reserved 1056768K
  class space    used 629K, capacity 695K, committed 768K, reserved 1048576K
}
Event: 0.629 GC heap before
{Heap before GC invocations=2 (full 1):
 PSYoungGen      total 9728K, used 864K [0x00000000f5a00000, 0x00000000f6480000, 0x0000000100000000)
  eden space 8704K, 0% used [0x00000000f5a00000,0x00000000f5a00000,0x00000000f6280000)
  from space 1024K, 84% used [0x00000000f6280000,0x00000000f6358020,0x00000000f6380000)
  to   space 1024K, 0% used [0x00000000f6380000,0x00000000f6380000,0x00000000f6480000)
 ParOldGen       total 22016K, used 8K [0x00000000e0e00000, 0x00000000e2380000, 0x00000000f5a00000)
  object space 22016K, 0% used [0x00000000e0e00000,0x00000000e0e02000,0x00000000e2380000)
 Metaspace       used 5456K, capacity 5664K, committed 5888K, reserved 1056768K
  class space    used 629K, capacity 695K, committed 768K, reserved 1048576K
Event: 0.644 GC heap after
Heap after GC invocations=2 (full 1):
 PSYoungGen      total 9728K, used 0K [0x00000000f5a00000, 0x00000000f6480000, 0x0000000100000000)
  eden space 8704K, 0% used [0x00000000f5a00000,0x00000000f5a00000,0x00000000f6280000)
  from space 1024K, 0% used [0x00000000f6280000,0x00000000f6280000,0x00000000f6380000)
  to   space 1024K, 0% used [0x00000000f6380000,0x00000000f6380000,0x00000000f6480000)
 ParOldGen       total 22016K, used 810K [0x00000000e0e00000, 0x00000000e2380000, 0x00000000f5a00000)
  object space 22016K, 3% used [0x00000000e0e00000,0x00000000e0ecabb0,0x00000000e2380000)
 Metaspace       used 5456K, capacity 5664K, committed 5888K, reserved 1056768K
  class space    used 629K, capacity 695K, committed 768K, reserved 1048576K
}

Deoptimization events (0 events):
No events

Internal exceptions (10 events):
Event: 0.563 Thread 0x00007f977800b800 Exception <a 'java/lang/NoSuchFieldError': method resolution failed> (0x00000000f5e47f78) thrown at [/HUDSON3/workspace/8-2-build-linux-amd64/jdk8u144/9417/hotspot/src/share/vm/prims/methodHandles.cpp, line 1146]
Event: 0.571 Thread 0x00007f977800b800 Exception <a 'java/lang/NoSuchFieldError': method resolution failed> (0x00000000f5e561f0) thrown at [/HUDSON3/workspace/8-2-build-linux-amd64/jdk8u144/9417/hotspot/src/share/vm/prims/methodHandles.cpp, line 1146]
Event: 0.688 Thread 0x00007f977800b800 Exception <a 'java/security/PrivilegedActionException'> (0x00000000f5a9a8d0) thrown at [/HUDSON3/workspace/8-2-build-linux-amd64/jdk8u144/9417/hotspot/src/share/vm/prims/jvm.cpp, line 1390]
Event: 0.688 Thread 0x00007f977800b800 Exception <a 'java/security/PrivilegedActionException'> (0x00000000f5a9acc8) thrown at [/HUDSON3/workspace/8-2-build-linux-amd64/jdk8u144/9417/hotspot/src/share/vm/prims/jvm.cpp, line 1390]
Event: 0.689 Thread 0x00007f977800b800 Exception <a 'java/security/PrivilegedActionException'> (0x00000000f5a9d318) thrown at [/HUDSON3/workspace/8-2-build-linux-amd64/jdk8u144/9417/hotspot/src/share/vm/prims/jvm.cpp, line 1390]
Event: 0.689 Thread 0x00007f977800b800 Exception <a 'java/security/PrivilegedActionException'> (0x00000000f5a9d710) thrown at [/HUDSON3/workspace/8-2-build-linux-amd64/jdk8u144/9417/hotspot/src/share/vm/prims/jvm.cpp, line 1390]
Event: 0.739 Thread 0x00007f9734007000 Exception <a 'java/lang/NoSuchMethodError': <clinit>> (0x00000000f5b44938) thrown at [/HUDSON3/workspace/8-2-build-linux-amd64/jdk8u144/9417/hotspot/src/share/vm/prims/jni.cpp, line 1613]
Event: 4.746 Thread 0x00007f9734008800 Exception <a 'java/lang/NullPointerException'> (0x00000000f5b63540) thrown at [/HUDSON3/workspace/8-2-build-linux-amd64/jdk8u144/9417/hotspot/src/share/vm/interpreter/linkResolver.cpp, line 1299]
Event: 4.746 Thread 0x00007f9734008800 Exception <a 'java/lang/reflect/InvocationTargetException'> (0x00000000f5b63970) thrown at [/HUDSON3/workspace/8-2-build-linux-amd64/jdk8u144/9417/hotspot/src/share/vm/runtime/reflection.cpp, line 1092]
Event: 4.754 Thread 0x00007f9734008800 Exception <a 'java/lang/NoSuchMethodError': <clinit>> (0x00000000f5b88248) thrown at [/HUDSON3/workspace/8-2-build-linux-amd64/jdk8u144/9417/hotspot/src/share/vm/prims/jni.cpp, line 1613]

Events (10 events):
Event: 4.784 loading class sun/net/ResourceManager done
Event: 15.741 loading class java/util/ArrayList$ListItr
Event: 15.742 loading class java/util/ArrayList$ListItr done
Event: 15.742 Executing VM operation: Deoptimize
Event: 15.742 Executing VM operation: Deoptimize done
Event: 64.797 Thread 0x00007f9734008800 Thread exited: 0x00007f9734008800
Event: 75.744 Thread 0x00007f9734007000 Thread exited: 0x00007f9734007000
Event: 86.346 loading class sun/misc/Signal$1
Event: 86.723 loading class sun/misc/Signal$1 done
Event: 86.872 Thread 0x00007f974c001000 Thread added: 0x00007f974c001000


Dynamic libraries:
00400000-00401000 r-xp 00000000 08:01 395185                             /usr/lib/jvm/java-8-oracle/bin/java
00600000-00601000 rw-p 00000000 08:01 395185                             /usr/lib/jvm/java-8-oracle/bin/java
02322000-025d1000 rw-p 00000000 00:00 0                                  [heap]
e0e00000-e2380000 rw-p 00000000 00:00 0 
e2380000-f5a00000 ---p 00000000 00:00 0 
f5a00000-f6480000 rw-p 00000000 00:00 0 
f6480000-100000000 ---p 00000000 00:00 0 
100000000-1000e0000 rw-p 00000000 00:00 0 
1000e0000-140000000 ---p 00000000 00:00 0 
7f972c000000-7f972c2a9000 rw-p 00000000 00:00 0 
7f972c2a9000-7f9730000000 ---p 00000000 00:00 0 
7f9733dfe000-7f9733e01000 ---p 00000000 00:00 0 
7f9733e01000-7f9733eff000 rw-p 00000000 00:00 0 
7f9733f02000-7f9734000000 rw-p 00000000 00:00 0                          [stack:9305]
7f9734000000-7f9734021000 rw-p 00000000 00:00 0 
7f9734021000-7f9738000000 ---p 00000000 00:00 0 
7f9738000000-7f9738021000 rw-p 00000000 00:00 0 
7f9738021000-7f973c000000 ---p 00000000 00:00 0 
7f973c000000-7f973c021000 rw-p 00000000 00:00 0 
7f973c021000-7f9740000000 ---p 00000000 00:00 0 
7f9740000000-7f9740021000 rw-p 00000000 00:00 0 
7f9740021000-7f9744000000 ---p 00000000 00:00 0 
7f9744000000-7f9744072000 rw-p 00000000 00:00 0 
7f9744072000-7f9748000000 ---p 00000000 00:00 0 
7f9748000000-7f974826d000 rw-p 00000000 00:00 0 
7f974826d000-7f974c000000 ---p 00000000 00:00 0 
7f974c000000-7f974c021000 rw-p 00000000 00:00 0 
7f974c021000-7f9750000000 ---p 00000000 00:00 0 
7f9750000000-7f9750041000 rw-p 00000000 00:00 0 
7f9750041000-7f9754000000 ---p 00000000 00:00 0 
7f9754000000-7f9754021000 rw-p 00000000 00:00 0 
7f9754021000-7f9758000000 ---p 00000000 00:00 0 
7f9758000000-7f9758021000 rw-p 00000000 00:00 0 
7f9758021000-7f975c000000 ---p 00000000 00:00 0 
7f975c000000-7f975c021000 rw-p 00000000 00:00 0 
7f975c021000-7f9760000000 ---p 00000000 00:00 0 
7f9760000000-7f9760021000 rw-p 00000000 00:00 0 
7f9760021000-7f9764000000 ---p 00000000 00:00 0 
7f9764000000-7f9764021000 rw-p 00000000 00:00 0 
7f9764021000-7f9768000000 ---p 00000000 00:00 0 
7f97680d5000-7f97680f1000 r--s 00393000 08:01 396833                     /usr/lib/jvm/java-8-oracle/jre/lib/ext/cldrdata.jar
7f97680f1000-7f97680fb000 r--s 00116000 08:01 396832                     /usr/lib/jvm/java-8-oracle/jre/lib/ext/localedata.jar
7f97680fb000-7f97680fe000 ---p 00000000 00:00 0 
7f97680fe000-7f97681fc000 rw-p 00000000 00:00 0                          [stack:9115]
7f97681fc000-7f97681ff000 ---p 00000000 00:00 0 
7f97681ff000-7f97682fd000 rw-p 00000000 00:00 0                          [stack:9112]
7f97682fd000-7f9768300000 ---p 00000000 00:00 0 
7f9768300000-7f97683fe000 rw-p 00000000 00:00 0                          [stack:9111]
7f97683fe000-7f9768401000 ---p 00000000 00:00 0 
7f9768401000-7f97684ff000 rw-p 00000000 00:00 0                          [stack:9110]
7f97684ff000-7f9768504000 r--s 0009a000 08:01 396726                     /usr/lib/jvm/java-8-oracle/jre/lib/jsse.jar
7f9768504000-7f9768505000 ---p 00000000 00:00 0 
7f9768505000-7f9768605000 rw-p 00000000 00:00 0                          [stack:9109]
7f9768605000-7f9768608000 ---p 00000000 00:00 0 
7f9768608000-7f9768706000 rw-p 00000000 00:00 0                          [stack:9108]
7f9768706000-7f976871c000 r-xp 00000000 08:01 396605                     /usr/lib/jvm/java-8-oracle/jre/lib/amd64/libnet.so
7f976871c000-7f976891c000 ---p 00016000 08:01 396605                     /usr/lib/jvm/java-8-oracle/jre/lib/amd64/libnet.so
7f976891c000-7f976891d000 rw-p 00016000 08:01 396605                     /usr/lib/jvm/java-8-oracle/jre/lib/amd64/libnet.so
7f976891d000-7f9768920000 ---p 00000000 00:00 0 
7f9768920000-7f9768a1e000 rw-p 00000000 00:00 0                          [stack:9107]
7f9768a1e000-7f9768a21000 ---p 00000000 00:00 0 
7f9768a21000-7f9768b1f000 rw-p 00000000 00:00 0                          [stack:9106]
7f9768b1f000-7f9768b22000 ---p 00000000 00:00 0 
7f9768b22000-7f9768c20000 rw-p 00000000 00:00 0                          [stack:9105]
7f9768c20000-7f9768c4f000 r--s 002e7000 08:01 1323049                    /home/vagrant/.m2/repository/org/apache/derby/derby/10.14.1.0/derby-10.14.1.0.jar
7f9768c4f000-7f9768c62000 r--s 00345000 08:01 396867                     /usr/lib/jvm/java-8-oracle/jre/lib/resources.jar
7f9768c62000-7f9768c75000 r--s 000d6000 08:01 396861                     /usr/lib/jvm/java-8-oracle/jre/lib/plugin.jar
7f9768c75000-7f9768c78000 ---p 00000000 00:00 0 
7f9768c78000-7f9768d76000 rw-p 00000000 00:00 0                          [stack:9103]
7f9768d76000-7f9768eff000 r--p 00000000 08:01 26969                      /usr/lib/locale/locale-archive
7f9768eff000-7f9768f02000 ---p 00000000 00:00 0 
7f9768f02000-7f9769000000 rw-p 00000000 00:00 0                          [stack:9098]
7f9769000000-7f9769270000 rwxp 00000000 00:00 0 
7f9769270000-7f9778000000 ---p 00000000 00:00 0 
7f9778000000-7f9778272000 rw-p 00000000 00:00 0 
7f9778272000-7f977c000000 ---p 00000000 00:00 0 
7f977c001000-7f977c002000 rw-p 00000000 00:00 0 
7f977c002000-7f977c004000 r--s 0001a000 08:01 409953                     /opt/idea/lib/idea_rt.jar
7f977c004000-7f977c006000 r--s 00018000 08:01 1054229                    /home/vagrant/.m2/repository/javax/servlet/servlet-api/2.5/servlet-api-2.5.jar
7f977c006000-7f977c010000 r--s 0005c000 08:01 1054225                    /home/vagrant/.m2/repository/javax/servlet/jstl/1.2/jstl-1.2.jar
7f977c010000-7f977c013000 ---p 00000000 00:00 0 
7f977c013000-7f977c111000 rw-p 00000000 00:00 0                          [stack:9095]
7f977c111000-7f977c112000 ---p 00000000 00:00 0 
7f977c112000-7f977cb6a000 rw-p 00000000 00:00 0                          [stack:9093]
7f977cb6a000-7f977cd44000 r--s 03d4d000 08:01 396631                     /usr/lib/jvm/java-8-oracle/jre/lib/rt.jar
7f977cd44000-7f977d3d5000 rw-p 00000000 00:00 0 
7f977d3d5000-7f977d615000 ---p 00000000 00:00 0 
7f977d615000-7f977e69e000 rw-p 00000000 00:00 0 
7f977e69e000-7f977e69f000 ---p 00000000 00:00 0 
7f977e69f000-7f977e79f000 rw-p 00000000 00:00 0                          [stack:9089]
7f977e79f000-7f977e7a0000 ---p 00000000 00:00 0 
7f977e7a0000-7f977e8ab000 rw-p 00000000 00:00 0                          [stack:9087]
7f977e8ab000-7f977e946000 ---p 00000000 00:00 0 
7f977e946000-7f977e94c000 rw-p 00000000 00:00 0 
7f977e94c000-7f977e999000 ---p 00000000 00:00 0 
7f977e999000-7f977e9a4000 rw-p 00000000 00:00 0 
7f977e9a4000-7f977ed5a000 ---p 00000000 00:00 0 
7f977ed5a000-7f977ed74000 r-xp 00000000 08:01 396564                     /usr/lib/jvm/java-8-oracle/jre/lib/amd64/libzip.so
7f977ed74000-7f977ef74000 ---p 0001a000 08:01 396564                     /usr/lib/jvm/java-8-oracle/jre/lib/amd64/libzip.so
7f977ef74000-7f977ef75000 rw-p 0001a000 08:01 396564                     /usr/lib/jvm/java-8-oracle/jre/lib/amd64/libzip.so
7f977ef75000-7f977ef7f000 r-xp 00000000 08:01 4606                       /lib/x86_64-linux-gnu/libnss_files-2.19.so
7f977ef7f000-7f977f17e000 ---p 0000a000 08:01 4606                       /lib/x86_64-linux-gnu/libnss_files-2.19.so
7f977f17e000-7f977f17f000 r--p 00009000 08:01 4606                       /lib/x86_64-linux-gnu/libnss_files-2.19.so
7f977f17f000-7f977f180000 rw-p 0000a000 08:01 4606                       /lib/x86_64-linux-gnu/libnss_files-2.19.so
7f977f180000-7f977f18b000 r-xp 00000000 08:01 4621                       /lib/x86_64-linux-gnu/libnss_nis-2.19.so
7f977f18b000-7f977f38a000 ---p 0000b000 08:01 4621                       /lib/x86_64-linux-gnu/libnss_nis-2.19.so
7f977f38a000-7f977f38b000 r--p 0000a000 08:01 4621                       /lib/x86_64-linux-gnu/libnss_nis-2.19.so
7f977f38b000-7f977f38c000 rw-p 0000b000 08:01 4621                       /lib/x86_64-linux-gnu/libnss_nis-2.19.so
7f977f38c000-7f977f3a3000 r-xp 00000000 08:01 4602                       /lib/x86_64-linux-gnu/libnsl-2.19.so
7f977f3a3000-7f977f5a2000 ---p 00017000 08:01 4602                       /lib/x86_64-linux-gnu/libnsl-2.19.so
7f977f5a2000-7f977f5a3000 r--p 00016000 08:01 4602                       /lib/x86_64-linux-gnu/libnsl-2.19.so
7f977f5a3000-7f977f5a4000 rw-p 00017000 08:01 4602                       /lib/x86_64-linux-gnu/libnsl-2.19.so
7f977f5a4000-7f977f5a6000 rw-p 00000000 00:00 0 
7f977f5a6000-7f977f5af000 r-xp 00000000 08:01 4619                       /lib/x86_64-linux-gnu/libnss_compat-2.19.so
7f977f5af000-7f977f7ae000 ---p 00009000 08:01 4619                       /lib/x86_64-linux-gnu/libnss_compat-2.19.so
7f977f7ae000-7f977f7af000 r--p 00008000 08:01 4619                       /lib/x86_64-linux-gnu/libnss_compat-2.19.so
7f977f7af000-7f977f7b0000 rw-p 00009000 08:01 4619                       /lib/x86_64-linux-gnu/libnss_compat-2.19.so
7f977f7b0000-7f977f7ba000 r-xp 00000000 08:01 396589                     /usr/lib/jvm/java-8-oracle/jre/lib/amd64/libinstrument.so
7f977f7ba000-7f977f9b9000 ---p 0000a000 08:01 396589                     /usr/lib/jvm/java-8-oracle/jre/lib/amd64/libinstrument.so
7f977f9b9000-7f977f9ba000 rw-p 00009000 08:01 396589                     /usr/lib/jvm/java-8-oracle/jre/lib/amd64/libinstrument.so
7f977f9ba000-7f977f9e5000 r-xp 00000000 08:01 396545                     /usr/lib/jvm/java-8-oracle/jre/lib/amd64/libjava.so
7f977f9e5000-7f977fbe4000 ---p 0002b000 08:01 396545                     /usr/lib/jvm/java-8-oracle/jre/lib/amd64/libjava.so
7f977fbe4000-7f977fbe6000 rw-p 0002a000 08:01 396545                     /usr/lib/jvm/java-8-oracle/jre/lib/amd64/libjava.so
7f977fbe6000-7f977fbf3000 r-xp 00000000 08:01 396553                     /usr/lib/jvm/java-8-oracle/jre/lib/amd64/libverify.so
7f977fbf3000-7f977fdf3000 ---p 0000d000 08:01 396553                     /usr/lib/jvm/java-8-oracle/jre/lib/amd64/libverify.so
7f977fdf3000-7f977fdf5000 rw-p 0000d000 08:01 396553                     /usr/lib/jvm/java-8-oracle/jre/lib/amd64/libverify.so
7f977fdf5000-7f977fdfc000 r-xp 00000000 08:01 4614                       /lib/x86_64-linux-gnu/librt-2.19.so
7f977fdfc000-7f977fffb000 ---p 00007000 08:01 4614                       /lib/x86_64-linux-gnu/librt-2.19.so
7f977fffb000-7f977fffc000 r--p 00006000 08:01 4614                       /lib/x86_64-linux-gnu/librt-2.19.so
7f977fffc000-7f977fffd000 rw-p 00007000 08:01 4614                       /lib/x86_64-linux-gnu/librt-2.19.so
7f977fffd000-7f9780102000 r-xp 00000000 08:01 4608                       /lib/x86_64-linux-gnu/libm-2.19.so
7f9780102000-7f9780301000 ---p 00105000 08:01 4608                       /lib/x86_64-linux-gnu/libm-2.19.so
7f9780301000-7f9780302000 r--p 00104000 08:01 4608                       /lib/x86_64-linux-gnu/libm-2.19.so
7f9780302000-7f9780303000 rw-p 00105000 08:01 4608                       /lib/x86_64-linux-gnu/libm-2.19.so
7f9780303000-7f9780fd6000 r-xp 00000000 08:01 396597                     /usr/lib/jvm/java-8-oracle/jre/lib/amd64/server/libjvm.so
7f9780fd6000-7f97811d5000 ---p 00cd3000 08:01 396597                     /usr/lib/jvm/java-8-oracle/jre/lib/amd64/server/libjvm.so
7f97811d5000-7f97812af000 rw-p 00cd2000 08:01 396597                     /usr/lib/jvm/java-8-oracle/jre/lib/amd64/server/libjvm.so
7f97812af000-7f97812fa000 rw-p 00000000 00:00 0 
7f97812fa000-7f97814b8000 r-xp 00000000 08:01 4609                       /lib/x86_64-linux-gnu/libc-2.19.so
7f97814b8000-7f97816b8000 ---p 001be000 08:01 4609                       /lib/x86_64-linux-gnu/libc-2.19.so
7f97816b8000-7f97816bc000 r--p 001be000 08:01 4609                       /lib/x86_64-linux-gnu/libc-2.19.so
7f97816bc000-7f97816be000 rw-p 001c2000 08:01 4609                       /lib/x86_64-linux-gnu/libc-2.19.so
7f97816be000-7f97816c3000 rw-p 00000000 00:00 0 
7f97816c3000-7f97816c6000 r-xp 00000000 08:01 4613                       /lib/x86_64-linux-gnu/libdl-2.19.so
7f97816c6000-7f97818c5000 ---p 00003000 08:01 4613                       /lib/x86_64-linux-gnu/libdl-2.19.so
7f97818c5000-7f97818c6000 r--p 00002000 08:01 4613                       /lib/x86_64-linux-gnu/libdl-2.19.so
7f97818c6000-7f97818c7000 rw-p 00003000 08:01 4613                       /lib/x86_64-linux-gnu/libdl-2.19.so
7f97818c7000-7f97818dc000 r-xp 00000000 08:01 395201                     /usr/lib/jvm/java-8-oracle/lib/amd64/jli/libjli.so
7f97818dc000-7f9781adc000 ---p 00015000 08:01 395201                     /usr/lib/jvm/java-8-oracle/lib/amd64/jli/libjli.so
7f9781adc000-7f9781add000 rw-p 00015000 08:01 395201                     /usr/lib/jvm/java-8-oracle/lib/amd64/jli/libjli.so
7f9781add000-7f9781af6000 r-xp 00000000 08:01 4610                       /lib/x86_64-linux-gnu/libpthread-2.19.so
7f9781af6000-7f9781cf5000 ---p 00019000 08:01 4610                       /lib/x86_64-linux-gnu/libpthread-2.19.so
7f9781cf5000-7f9781cf6000 r--p 00018000 08:01 4610                       /lib/x86_64-linux-gnu/libpthread-2.19.so
7f9781cf6000-7f9781cf7000 rw-p 00019000 08:01 4610                       /lib/x86_64-linux-gnu/libpthread-2.19.so
7f9781cf7000-7f9781cfb000 rw-p 00000000 00:00 0 
7f9781cfb000-7f9781d1e000 r-xp 00000000 08:01 4617                       /lib/x86_64-linux-gnu/ld-2.19.so
7f9781d1e000-7f9781d1f000 rw-p 00000000 00:00 0 
7f9781d1f000-7f9781d22000 r--s 00016000 08:01 1054227                    /home/vagrant/.m2/repository/javax/servlet/jsp/jsp-api/2.1/jsp-api-2.1.jar
7f9781d22000-7f9781d23000 r--s 00000000 08:01 396612                     /usr/lib/jvm/java-8-oracle/jre/lib/management-agent.jar
7f9781d23000-7f9781d28000 r--s 0009a000 08:01 396726                     /usr/lib/jvm/java-8-oracle/jre/lib/jsse.jar
7f9781d28000-7f9781d2d000 r--s 00084000 08:01 396733                     /usr/lib/jvm/java-8-oracle/jre/lib/jfr.jar
7f9781d2d000-7f9781d30000 r--s 0001a000 08:01 396615                     /usr/lib/jvm/java-8-oracle/jre/lib/jce.jar
7f9781d30000-7f9781d3a000 r--s 0006c000 08:01 396614                     /usr/lib/jvm/java-8-oracle/jre/lib/javaws.jar
7f9781d3a000-7f9781d55000 r--s 0020b000 08:01 396541                     /usr/lib/jvm/java-8-oracle/jre/lib/deploy.jar
7f9781d55000-7f9781d5a000 r--s 002f9000 08:01 396732                     /usr/lib/jvm/java-8-oracle/jre/lib/charsets.jar
7f9781d5a000-7f9781d6f000 rw-p 00000000 00:00 0 
7f9781d6f000-7f9781e0a000 ---p 00000000 00:00 0 
7f9781e0a000-7f9781e0d000 ---p 00000000 00:00 0 
7f9781e0d000-7f9781f0f000 rw-p 00000000 00:00 0                          [stack:9086]
7f9781f0f000-7f9781f11000 r--s 00007000 08:01 396862                     /usr/lib/jvm/java-8-oracle/jre/lib/jfxswt.jar
7f9781f11000-7f9781f19000 rw-s 00000000 08:01 668241                     /tmp/hsperfdata_vagrant/9085
7f9781f19000-7f9781f1a000 rw-p 00000000 00:00 0 
7f9781f1a000-7f9781f1b000 ---p 00000000 00:00 0 
7f9781f1b000-7f9781f1d000 rw-p 00000000 00:00 0 
7f9781f1d000-7f9781f1e000 r--p 00022000 08:01 4617                       /lib/x86_64-linux-gnu/ld-2.19.so
7f9781f1e000-7f9781f1f000 rw-p 00023000 08:01 4617                       /lib/x86_64-linux-gnu/ld-2.19.so
7f9781f1f000-7f9781f20000 rw-p 00000000 00:00 0 
7fff77b5e000-7fff77b7f000 rw-p 00000000 00:00 0                          [stack]
7fff77baa000-7fff77bac000 r-xp 00000000 00:00 0                          [vdso]
ffffffffff600000-ffffffffff601000 r-xp 00000000 00:00 0                  [vsyscall]

VM Arguments:
jvm_args: -javaagent:/opt/idea/lib/idea_rt.jar=45830:/opt/idea/bin -Dfile.encoding=UTF-8 
java_command: rmi.server.RMIServer
java_class_path (initial): /home/vagrant/workspace/mdw-all/mdw03/target/classes:/usr/lib/jvm/java-8-oracle/jre/lib/charsets.jar:/usr/lib/jvm/java-8-oracle/jre/lib/deploy.jar:/usr/lib/jvm/java-8-oracle/jre/lib/ext/cldrdata.jar:/usr/lib/jvm/java-8-oracle/jre/lib/ext/dnsns.jar:/usr/lib/jvm/java-8-oracle/jre/lib/ext/jaccess.jar:/usr/lib/jvm/java-8-oracle/jre/lib/ext/jfxrt.jar:/usr/lib/jvm/java-8-oracle/jre/lib/ext/localedata.jar:/usr/lib/jvm/java-8-oracle/jre/lib/ext/nashorn.jar:/usr/lib/jvm/java-8-oracle/jre/lib/ext/sunec.jar:/usr/lib/jvm/java-8-oracle/jre/lib/ext/sunjce_provider.jar:/usr/lib/jvm/java-8-oracle/jre/lib/ext/sunpkcs11.jar:/usr/lib/jvm/java-8-oracle/jre/lib/ext/zipfs.jar:/usr/lib/jvm/java-8-oracle/jre/lib/javaws.jar:/usr/lib/jvm/java-8-oracle/jre/lib/jce.jar:/usr/lib/jvm/java-8-oracle/jre/lib/jfr.jar:/usr/lib/jvm/java-8-oracle/jre/lib/jfxswt.jar:/usr/lib/jvm/java-8-oracle/jre/lib/jsse.jar:/usr/lib/jvm/java-8-oracle/jre/lib/management-agent.jar:/usr/lib/jvm/java-8-oracle/jre/lib/plugin.jar:/usr/lib/jvm/java-8-oracle/jre/lib/resources.jar:/usr/lib/jvm/java-8-oracle/jre/lib/rt.jar:/home/vagrant/.m2/repository/javax/servlet/jstl/1.2/jstl-1.2.jar:/home/vagrant/.m2/repository/javax/servlet/jsp/jsp-api/2.1/jsp-api-2.1.jar:/home/vagrant/.m2/repository/javax/servlet/servlet-api/2.5/servlet-api-2.5.jar:/home/vagrant/.m2/repository/org/apache/derby/derby/10.14.1.0/derby-10.14.1.0.jar:/opt/idea/lib/idea_rt.jar
Launcher Type: SUN_STANDARD

Environment Variables:
JAVA_HOME=/usr/lib/jvm/java-8-oracle
PATH=/usr/local/bin:/usr/bin:/bin:/usr/local/games:/usr/games:/usr/lib/jvm/java-8-oracle/bin:/usr/lib/jvm/java-8-oracle/db/bin:/usr/lib/jvm/java-8-oracle/jre/bin
LD_LIBRARY_PATH=/opt/idea/bin:
SHELL=/bin/bash
DISPLAY=:0.0

Signal Handlers:
SIGSEGV: [libjvm.so+0xacba10], sa_mask[0]=11111111011111111101111111111110, sa_flags=SA_RESTART|SA_SIGINFO
SIGBUS: [libjvm.so+0xacba10], sa_mask[0]=11111111011111111101111111111110, sa_flags=SA_RESTART|SA_SIGINFO
SIGFPE: [libjvm.so+0x924ba0], sa_mask[0]=11111111011111111101111111111110, sa_flags=SA_RESTART|SA_SIGINFO
SIGPIPE: [libjvm.so+0x924ba0], sa_mask[0]=11111111011111111101111111111110, sa_flags=SA_RESTART|SA_SIGINFO
SIGXFSZ: [libjvm.so+0x924ba0], sa_mask[0]=11111111011111111101111111111110, sa_flags=SA_RESTART|SA_SIGINFO
SIGILL: [libjvm.so+0x924ba0], sa_mask[0]=11111111011111111101111111111110, sa_flags=SA_RESTART|SA_SIGINFO
SIGUSR1: SIG_DFL, sa_mask[0]=00000000000000000000000000000000, sa_flags=none
SIGUSR2: [libjvm.so+0x9263e0], sa_mask[0]=00100000000000000000000000000000, sa_flags=SA_RESTART|SA_SIGINFO
SIGHUP: [libjvm.so+0x9277e0], sa_mask[0]=11111111011111111101111111111110, sa_flags=SA_RESTART|SA_SIGINFO
SIGINT: [libjvm.so+0x9277e0], sa_mask[0]=11111111011111111101111111111110, sa_flags=SA_RESTART|SA_SIGINFO
SIGTERM: [libjvm.so+0x9277e0], sa_mask[0]=11111111011111111101111111111110, sa_flags=SA_RESTART|SA_SIGINFO
SIGQUIT: [libjvm.so+0x9277e0], sa_mask[0]=11111111011111111101111111111110, sa_flags=SA_RESTART|SA_SIGINFO


---------------  S Y S T E M  ---------------

OS:DISTRIB_ID=Ubuntu
DISTRIB_RELEASE=14.04
DISTRIB_CODENAME=trusty
DISTRIB_DESCRIPTION="Ubuntu 14.04.5 LTS"

uname:Linux 3.13.0-95-generic #142-Ubuntu SMP Fri Aug 12 17:00:09 UTC 2016 x86_64
libc:glibc 2.19 NPTL 2.19 
rlimit: STACK 8192k, CORE 0k, NPROC 15826, NOFILE 4096, AS infinity
load average:3.64 1.38 1.14

/proc/meminfo:
MemTotal:        2036196 kB
MemFree:           99732 kB
Buffers:             584 kB
Cached:            27196 kB
SwapCached:         3324 kB
Active:          1350288 kB
Inactive:         464944 kB
Active(anon):    1349916 kB
Inactive(anon):   453484 kB
Active(file):        372 kB
Inactive(file):    11460 kB
Unevictable:           0 kB
Mlocked:               0 kB
SwapTotal:       1023996 kB
SwapFree:          94336 kB
Dirty:               152 kB
Writeback:            56 kB
AnonPages:       1784392 kB
Mapped:             2476 kB
Shmem:             15828 kB
Slab:              58092 kB
SReclaimable:      21204 kB
SUnreclaim:        36888 kB
KernelStack:        7768 kB
PageTables:        24880 kB
NFS_Unstable:          0 kB
Bounce:                0 kB
WritebackTmp:          0 kB
CommitLimit:     2042092 kB
Committed_AS:    4255768 kB
VmallocTotal:   34359738367 kB
VmallocUsed:      152056 kB
VmallocChunk:   34359582296 kB
HardwareCorrupted:     0 kB
AnonHugePages:    397312 kB
HugePages_Total:       0
HugePages_Free:        0
HugePages_Rsvd:        0
HugePages_Surp:        0
Hugepagesize:       2048 kB
DirectMap4k:       46976 kB
DirectMap2M:     2050048 kB
DirectMap1G:           0 kB


CPU:total 2 (initial active 2) (1 cores per cpu, 1 threads per core) family 6 model 69 stepping 1, cmov, cx8, fxsr, mmx, sse, sse2, sse3, ssse3, sse4.1, sse4.2, popcnt, avx, avx2, aes, clmul, erms, lzcnt, tsc, tscinvbit, bmi1, bmi2

/proc/cpuinfo:
processor	: 0
vendor_id	: GenuineIntel
cpu family	: 6
model		: 69
model name	: Intel(R) Core(TM) i5-4258U CPU @ 2.40GHz
stepping	: 1
microcode	: 0x17
cpu MHz		: 2399.932
cache size	: 3072 KB
physical id	: 0
siblings	: 1
core id		: 0
cpu cores	: 1
apicid		: 0
initial apicid	: 0
fpu		: yes
fpu_exception	: yes
cpuid level	: 13
wp		: yes
flags		: fpu vme de pse tsc msr pae mce cx8 apic sep mtrr pge mca cmov pat pse36 clflush dts mmx fxsr sse sse2 ss syscall nx pdpe1gb rdtscp lm constant_tsc arch_perfmon pebs bts nopl xtopology tsc_reliable nonstop_tsc aperfmperf eagerfpu pni pclmulqdq ssse3 fma cx16 pcid sse4_1 sse4_2 x2apic movbe popcnt tsc_deadline_timer aes xsave avx f16c rdrand hypervisor lahf_lm abm ida arat epb xsaveopt pln pts dtherm fsgsbase tsc_adjust bmi1 avx2 smep bmi2 invpcid
bogomips	: 4799.86
clflush size	: 64
cache_alignment	: 64
address sizes	: 42 bits physical, 48 bits virtual
power management:

processor	: 1
vendor_id	: GenuineIntel
cpu family	: 6
model		: 69
model name	: Intel(R) Core(TM) i5-4258U CPU @ 2.40GHz
stepping	: 1
microcode	: 0x17
cpu MHz		: 2399.932
cache size	: 3072 KB
physical id	: 2
siblings	: 1
core id		: 0
cpu cores	: 1
apicid		: 2
initial apicid	: 2
fpu		: yes
fpu_exception	: yes
cpuid level	: 13
wp		: yes
flags		: fpu vme de pse tsc msr pae mce cx8 apic sep mtrr pge mca cmov pat pse36 clflush dts mmx fxsr sse sse2 ss syscall nx pdpe1gb rdtscp lm constant_tsc arch_perfmon pebs bts nopl xtopology tsc_reliable nonstop_tsc aperfmperf eagerfpu pni pclmulqdq ssse3 fma cx16 pcid sse4_1 sse4_2 x2apic movbe popcnt tsc_deadline_timer aes xsave avx f16c rdrand hypervisor lahf_lm abm ida arat epb xsaveopt pln pts dtherm fsgsbase tsc_adjust bmi1 avx2 smep bmi2 invpcid
bogomips	: 4799.86
clflush size	: 64
cache_alignment	: 64
address sizes	: 42 bits physical, 48 bits virtual
power management:



Memory: 4k page, physical 2036196k(99732k free), swap 1023996k(94336k free)

vm_info: Java HotSpot(TM) 64-Bit Server VM (25.144-b01) for linux-amd64 JRE (1.8.0_144-b01), built on Jul 21 2017 21:57:33 by "java_re" with gcc 4.3.0 20080428 (Red Hat 4.3.0-8)

time: Mon Nov  6 14:17:49 2017
elapsed time: 87 seconds (0d 0h 1m 27s)

